#
# There is insufficient memory for the Java Runtime Environment to continue.
# Native memory allocation (malloc) failed to allocate 127056 bytes for Chunk::new
# Possible reasons:
#   The system is out of physical RAM or swap space
#   The process is running with CompressedOops enabled, and the Java Heap may be blocking the growth of the native heap
# Possible solutions:
#   Reduce memory load on the system
#   Increase physical memory or swap space
#   Check if swap backing store is full
#   Decrease Java heap size (-Xmx/-Xms)
#   Decrease number of Java threads
#   Decrease Java thread stack sizes (-Xss)
#   Set larger code cache with -XX:ReservedCodeCacheSize=
#   JVM is running with Unscaled Compressed Oops mode in which the Java heap is
#     placed in the first 4GB address space. The Java Heap base address is the
#     maximum limit for the native heap growth. Please use -XX:HeapBaseMinAddress
#     to set the Java Heap base and to place the Java Heap above 4GB virtual address.
# This output file may be truncated or incomplete.
#
#  Out of Memory Error (c:/BuildAgent/work/5ff2f6c26000d570/src/hotspot/share/memory/arena.cpp:197), pid=22428, tid=11468
#
# JRE version: OpenJDK Runtime Environment (11.0.4+10) (build 11.0.4+10-b304.77)
# Java VM: OpenJDK 64-Bit Server VM (11.0.4+10-b304.77, mixed mode, tiered, compressed oops, g1 gc, windows-amd64)
# No core dump will be written. Minidumps are not enabled by default on client versions of Windows
#

---------------  S U M M A R Y ------------

Command Line: -Dmaven.multiModuleProjectDirectory=D:\REA\java_project\hw8 -Dmaven.home=C:\Users\Катя\AppData\Local\JetBrains\Toolbox\apps\IDEA-C\ch-0\192.7142.36\plugins\maven\lib\maven3 -Dclassworlds.conf=C:\Users\Катя\AppData\Local\JetBrains\Toolbox\apps\IDEA-C\ch-0\192.7142.36\plugins\maven\lib\maven3\bin\m2.conf -Dmaven.ext.class.path=C:\Users\Катя\AppData\Local\JetBrains\Toolbox\apps\IDEA-C\ch-0\192.7142.36\plugins\maven\lib\maven-event-listener.jar -javaagent:C:\Users\Катя\AppData\Local\JetBrains\Toolbox\apps\IDEA-C\ch-0\192.7142.36\lib\idea_rt.jar=64331:C:\Users\Катя\AppData\Local\JetBrains\Toolbox\apps\IDEA-C\ch-0\192.7142.36\bin -Dfile.encoding=UTF-8 org.codehaus.classworlds.Launcher -Didea.version2019.2.4 test

Host: Intel(R) Core(TM) i5-3210M CPU @ 2.50GHz, 4 cores, 7G,  Windows 10 , 64 bit Build 18362 (10.0.18362.329)
Time: Sat Apr 11 01:54:26 2020 RTZ 4 (ceia) elapsed time: 11 seconds (0d 0h 0m 11s)

---------------  T H R E A D  ---------------

Current thread (0x000001b0b8f99000):  JavaThread "C2 CompilerThread0" daemon [_thread_in_native, id=11468, stack(0x0000005b60b00000,0x0000005b60c00000)]


Current CompileTask:
C2:  11761 5625       4       sun.nio.cs.UTF_8$Encoder::encodeArrayLoop (489 bytes)

Stack: [0x0000005b60b00000,0x0000005b60c00000]
Native frames: (J=compiled Java code, j=interpreted, Vv=VM code, C=native code)
V  [jvm.dll+0x5db31a]
V  [jvm.dll+0x70c395]
V  [jvm.dll+0x70d8b8]
V  [jvm.dll+0x70df83]
V  [jvm.dll+0x23dbb8]
V  [jvm.dll+0xb91fc]
V  [jvm.dll+0xb96fc]
V  [jvm.dll+0x34f40d]
V  [jvm.dll+0x31d333]
V  [jvm.dll+0x31c8ca]
V  [jvm.dll+0x1f7832]
V  [jvm.dll+0x1f6a04]
V  [jvm.dll+0x17fd7c]
V  [jvm.dll+0x204d17]
V  [jvm.dll+0x2035b2]
V  [jvm.dll+0x6d956f]
V  [jvm.dll+0x6d236d]
V  [jvm.dll+0x5da5e6]
C  [ucrtbase.dll+0x20e72]
C  [KERNEL32.DLL+0x17bd4]
C  [ntdll.dll+0x6ced1]


---------------  P R O C E S S  ---------------

Threads class SMR info:
_java_thread_list=0x000001b0ba41a4f0, length=22, elements={
0x000001b09f3d3800, 0x000001b0b8f7d800, 0x000001b0b8f87000, 0x000001b0b9913000,
0x000001b0b8f95000, 0x000001b0b8f99000, 0x000001b0b8fa5800, 0x000001b0b8fa8000,
0x000001b0b8f0e800, 0x000001b0b9beb800, 0x000001b0b9be2800, 0x000001b0ba215800,
0x000001b0c1556000, 0x000001b0c069b000, 0x000001b0c0593000, 0x000001b0bf253000,
0x000001b0c16d8000, 0x000001b0ba2ad800, 0x000001b0c106d000, 0x000001b0c1f3f800,
0x000001b0c1008800, 0x000001b0c1009000
}

Java Threads: ( => current thread )
  0x000001b09f3d3800 JavaThread "main" [_thread_in_native, id=23928, stack(0x0000005b60000000,0x0000005b60100000)]
  0x000001b0b8f7d800 JavaThread "Reference Handler" daemon [_thread_blocked, id=5868, stack(0x0000005b60700000,0x0000005b60800000)]
  0x000001b0b8f87000 JavaThread "Finalizer" daemon [_thread_blocked, id=12856, stack(0x0000005b60800000,0x0000005b60900000)]
  0x000001b0b9913000 JavaThread "Signal Dispatcher" daemon [_thread_blocked, id=23276, stack(0x0000005b60900000,0x0000005b60a00000)]
  0x000001b0b8f95000 JavaThread "Attach Listener" daemon [_thread_blocked, id=18528, stack(0x0000005b60a00000,0x0000005b60b00000)]
=>0x000001b0b8f99000 JavaThread "C2 CompilerThread0" daemon [_thread_in_native, id=11468, stack(0x0000005b60b00000,0x0000005b60c00000)]
  0x000001b0b8fa5800 JavaThread "C1 CompilerThread0" daemon [_thread_blocked, id=24376, stack(0x0000005b60c00000,0x0000005b60d00000)]
  0x000001b0b8fa8000 JavaThread "Sweeper thread" daemon [_thread_blocked, id=9888, stack(0x0000005b60d00000,0x0000005b60e00000)]
  0x000001b0b8f0e800 JavaThread "Common-Cleaner" daemon [_thread_blocked, id=13188, stack(0x0000005b60e00000,0x0000005b60f00000)]
  0x000001b0b9beb800 JavaThread "Monitor Ctrl-Break" daemon [_thread_in_native, id=17904, stack(0x0000005b60f00000,0x0000005b61000000)]
  0x000001b0b9be2800 JavaThread "Service Thread" daemon [_thread_blocked, id=25584, stack(0x0000005b61000000,0x0000005b61100000)]
  0x000001b0ba215800 JavaThread "resolver-1" daemon [_thread_blocked, id=26360, stack(0x0000005b61400000,0x0000005b61500000)]
  0x000001b0c1556000 JavaThread "resolver-2" daemon [_thread_blocked, id=6848, stack(0x0000005b61500000,0x0000005b61600000)]
  0x000001b0c069b000 JavaThread "resolver-3" daemon [_thread_blocked, id=18404, stack(0x0000005b61600000,0x0000005b61700000)]
  0x000001b0c0593000 JavaThread "resolver-4" daemon [_thread_blocked, id=22696, stack(0x0000005b61800000,0x0000005b61900000)]
  0x000001b0bf253000 JavaThread "resolver-5" daemon [_thread_blocked, id=3172, stack(0x0000005b61900000,0x0000005b61a00000)]
  0x000001b0c16d8000 JavaThread "timeout-check-timer" daemon [_thread_blocked, id=15464, stack(0x0000005b61a00000,0x0000005b61b00000)]
  0x000001b0ba2ad800 JavaThread "ping-timer-10s" daemon [_thread_blocked, id=13196, stack(0x0000005b61b00000,0x0000005b61c00000)]
  0x000001b0c106d000 JavaThread "ThreadedStreamConsumer" daemon [_thread_in_native, id=21004, stack(0x0000005b61c00000,0x0000005b61d00000)]
  0x000001b0c1f3f800 JavaThread "Thread-2" [_thread_blocked, id=2608, stack(0x0000005b61d00000,0x0000005b61e00000)]
  0x000001b0c1008800 JavaThread "Thread-3" [_thread_in_native, id=23656, stack(0x0000005b61e00000,0x0000005b61f00000)]
  0x000001b0c1009000 JavaThread "Thread-4" [_thread_in_native, id=12988, stack(0x0000005b61f00000,0x0000005b62000000)]

Other Threads:
  0x000001b0b8f75800 VMThread "VM Thread" [stack: 0x0000005b60600000,0x0000005b60700000] [id=2644]
  0x000001b0b9bde000 WatcherThread [stack: 0x0000005b61100000,0x0000005b61200000] [id=22704]
  0x000001b09f3e9000 GCTaskThread "GC Thread#0" [stack: 0x0000005b60100000,0x0000005b60200000] [id=20636]
  0x000001b0b9fc7000 GCTaskThread "GC Thread#1" [stack: 0x0000005b61200000,0x0000005b61300000] [id=15364]
  0x000001b0bf552800 GCTaskThread "GC Thread#2" [stack: 0x0000005b61700000,0x0000005b61800000] [id=22900]
  0x000001b09f417000 ConcurrentGCThread "G1 Main Marker" [stack: 0x0000005b60200000,0x0000005b60300000] [id=19708]
  0x000001b09f419800 ConcurrentGCThread "G1 Conc#0" [stack: 0x0000005b60300000,0x0000005b60400000] [id=8712]
  0x000001b09f49b800 ConcurrentGCThread "G1 Refine#0" [stack: 0x0000005b60400000,0x0000005b60500000] [id=9116]
  0x000001b09f49c800 ConcurrentGCThread "G1 Young RemSet Sampling" [stack: 0x0000005b60500000,0x0000005b60600000] [id=25052]

Threads with active compile tasks:
C2 CompilerThread05625       4       sun.nio.cs.UTF_8$Encoder::encodeArrayLoop (489 bytes)

VM state:not at safepoint (normal execution)

VM Mutex/Monitor currently owned by a thread: None

Heap address: 0x0000000086e00000, size: 1938 MB, Compressed Oops mode: 32-bit
Narrow klass base: 0x0000000000000000, Narrow klass shift: 3
Compressed class space size: 1073741824 Address: 0x0000000100000000

Heap:
 garbage-first heap   total 150528K, used 20343K [0x0000000086e00000, 0x0000000100000000)
  region size 1024K, 8 young (8192K), 4 survivors (4096K)
 Metaspace       used 35230K, capacity 35958K, committed 36272K, reserved 1081344K
  class space    used 3746K, capacity 4024K, committed 4096K, reserved 1048576K
Heap Regions: E=young(eden), S=young(survivor), O=old, HS=humongous(starts), HC=humongous(continues), CS=collection set, F=free, A=archive, TAMS=top-at-mark-start (previous, next)
|   0|0x0000000086e00000, 0x0000000086f00000, 0x0000000086f00000|100%| O|  |TAMS 0x0000000086f00000, 0x0000000086e00000| Untracked 
|   1|0x0000000086f00000, 0x0000000087000000, 0x0000000087000000|100%| O|  |TAMS 0x0000000087000000, 0x0000000086f00000| Untracked 
|   2|0x0000000087000000, 0x0000000087100000, 0x0000000087100000|100%| O|  |TAMS 0x0000000087100000, 0x0000000087000000| Untracked 
|   3|0x0000000087100000, 0x0000000087200000, 0x0000000087200000|100%| O|  |TAMS 0x0000000087200000, 0x0000000087100000| Untracked 
|   4|0x0000000087200000, 0x0000000087300000, 0x0000000087300000|100%| O|  |TAMS 0x0000000087300000, 0x0000000087200000| Untracked 
|   5|0x0000000087300000, 0x0000000087400000, 0x0000000087400000|100%| O|  |TAMS 0x0000000087400000, 0x0000000087300000| Untracked 
|   6|0x0000000087400000, 0x0000000087500000, 0x0000000087500000|100%| O|  |TAMS 0x0000000087500000, 0x0000000087400000| Untracked 
|   7|0x0000000087500000, 0x0000000087600000, 0x0000000087600000|100%| O|  |TAMS 0x0000000087600000, 0x0000000087500000| Untracked 
|   8|0x0000000087600000, 0x0000000087700000, 0x0000000087700000|100%| O|  |TAMS 0x0000000087700000, 0x0000000087600000| Untracked 
|   9|0x0000000087700000, 0x0000000087800000, 0x0000000087800000|100%| O|  |TAMS 0x0000000087800000, 0x0000000087700000| Untracked 
|  10|0x0000000087800000, 0x0000000087900000, 0x0000000087900000|100%| O|  |TAMS 0x0000000087900000, 0x0000000087800000| Untracked 
|  11|0x0000000087900000, 0x0000000087a00000, 0x0000000087a00000|100%| O|  |TAMS 0x0000000087a00000, 0x0000000087900000| Untracked 
|  12|0x0000000087a00000, 0x0000000087afec00, 0x0000000087b00000| 99%| O|  |TAMS 0x0000000087afec00, 0x0000000087a00000| Untracked 
|  13|0x0000000087b00000, 0x0000000087b00000, 0x0000000087c00000|  0%| F|  |TAMS 0x0000000087b00000, 0x0000000087b00000| Untracked 
|  14|0x0000000087c00000, 0x0000000087c00000, 0x0000000087d00000|  0%| F|  |TAMS 0x0000000087c00000, 0x0000000087c00000| Untracked 
|  15|0x0000000087d00000, 0x0000000087d00000, 0x0000000087e00000|  0%| F|  |TAMS 0x0000000087d00000, 0x0000000087d00000| Untracked 
|  16|0x0000000087e00000, 0x0000000087e00000, 0x0000000087f00000|  0%| F|  |TAMS 0x0000000087e00000, 0x0000000087e00000| Untracked 
|  17|0x0000000087f00000, 0x0000000087f00000, 0x0000000088000000|  0%| F|  |TAMS 0x0000000087f00000, 0x0000000087f00000| Untracked 
|  18|0x0000000088000000, 0x0000000088000000, 0x0000000088100000|  0%| F|  |TAMS 0x0000000088000000, 0x0000000088000000| Untracked 
|  19|0x0000000088100000, 0x0000000088100000, 0x0000000088200000|  0%| F|  |TAMS 0x0000000088100000, 0x0000000088100000| Untracked 
|  20|0x0000000088200000, 0x0000000088200000, 0x0000000088300000|  0%| F|  |TAMS 0x0000000088200000, 0x0000000088200000| Untracked 
|  21|0x0000000088300000, 0x0000000088300000, 0x0000000088400000|  0%| F|  |TAMS 0x0000000088300000, 0x0000000088300000| Untracked 
|  22|0x0000000088400000, 0x0000000088400000, 0x0000000088500000|  0%| F|  |TAMS 0x0000000088400000, 0x0000000088400000| Untracked 
|  23|0x0000000088500000, 0x0000000088500000, 0x0000000088600000|  0%| F|  |TAMS 0x0000000088500000, 0x0000000088500000| Untracked 
|  24|0x0000000088600000, 0x0000000088600000, 0x0000000088700000|  0%| F|  |TAMS 0x0000000088600000, 0x0000000088600000| Untracked 
|  25|0x0000000088700000, 0x0000000088700000, 0x0000000088800000|  0%| F|  |TAMS 0x0000000088700000, 0x0000000088700000| Untracked 
|  26|0x0000000088800000, 0x0000000088800000, 0x0000000088900000|  0%| F|  |TAMS 0x0000000088800000, 0x0000000088800000| Untracked 
|  27|0x0000000088900000, 0x0000000088900000, 0x0000000088a00000|  0%| F|  |TAMS 0x0000000088900000, 0x0000000088900000| Untracked 
|  28|0x0000000088a00000, 0x0000000088a00000, 0x0000000088b00000|  0%| F|  |TAMS 0x0000000088a00000, 0x0000000088a00000| Untracked 
|  29|0x0000000088b00000, 0x0000000088b00000, 0x0000000088c00000|  0%| F|  |TAMS 0x0000000088b00000, 0x0000000088b00000| Untracked 
|  30|0x0000000088c00000, 0x0000000088c00000, 0x0000000088d00000|  0%| F|  |TAMS 0x0000000088c00000, 0x0000000088c00000| Untracked 
|  31|0x0000000088d00000, 0x0000000088d00000, 0x0000000088e00000|  0%| F|  |TAMS 0x0000000088d00000, 0x0000000088d00000| Untracked 
|  32|0x0000000088e00000, 0x0000000088e00000, 0x0000000088f00000|  0%| F|  |TAMS 0x0000000088e00000, 0x0000000088e00000| Untracked 
|  33|0x0000000088f00000, 0x0000000088f00000, 0x0000000089000000|  0%| F|  |TAMS 0x0000000088f00000, 0x0000000088f00000| Untracked 
|  34|0x0000000089000000, 0x0000000089000000, 0x0000000089100000|  0%| F|  |TAMS 0x0000000089000000, 0x0000000089000000| Untracked 
|  35|0x0000000089100000, 0x0000000089100000, 0x0000000089200000|  0%| F|  |TAMS 0x0000000089100000, 0x0000000089100000| Untracked 
|  36|0x0000000089200000, 0x0000000089200000, 0x0000000089300000|  0%| F|  |TAMS 0x0000000089200000, 0x0000000089200000| Untracked 
|  37|0x0000000089300000, 0x0000000089300000, 0x0000000089400000|  0%| F|  |TAMS 0x0000000089300000, 0x0000000089300000| Untracked 
|  38|0x0000000089400000, 0x0000000089400000, 0x0000000089500000|  0%| F|  |TAMS 0x0000000089400000, 0x0000000089400000| Untracked 
|  39|0x0000000089500000, 0x0000000089500000, 0x0000000089600000|  0%| F|  |TAMS 0x0000000089500000, 0x0000000089500000| Untracked 
|  40|0x0000000089600000, 0x0000000089600000, 0x0000000089700000|  0%| F|  |TAMS 0x0000000089600000, 0x0000000089600000| Untracked 
|  41|0x0000000089700000, 0x0000000089700000, 0x0000000089800000|  0%| F|  |TAMS 0x0000000089700000, 0x0000000089700000| Untracked 
|  42|0x0000000089800000, 0x0000000089800000, 0x0000000089900000|  0%| F|  |TAMS 0x0000000089800000, 0x0000000089800000| Untracked 
|  43|0x0000000089900000, 0x0000000089900000, 0x0000000089a00000|  0%| F|  |TAMS 0x0000000089900000, 0x0000000089900000| Untracked 
|  44|0x0000000089a00000, 0x0000000089a00000, 0x0000000089b00000|  0%| F|  |TAMS 0x0000000089a00000, 0x0000000089a00000| Untracked 
|  45|0x0000000089b00000, 0x0000000089b00000, 0x0000000089c00000|  0%| F|  |TAMS 0x0000000089b00000, 0x0000000089b00000| Untracked 
|  46|0x0000000089c00000, 0x0000000089c00000, 0x0000000089d00000|  0%| F|  |TAMS 0x0000000089c00000, 0x0000000089c00000| Untracked 
|  47|0x0000000089d00000, 0x0000000089d00000, 0x0000000089e00000|  0%| F|  |TAMS 0x0000000089d00000, 0x0000000089d00000| Untracked 
|  48|0x0000000089e00000, 0x0000000089e00000, 0x0000000089f00000|  0%| F|  |TAMS 0x0000000089e00000, 0x0000000089e00000| Untracked 
|  49|0x0000000089f00000, 0x0000000089f00000, 0x000000008a000000|  0%| F|  |TAMS 0x0000000089f00000, 0x0000000089f00000| Untracked 
|  50|0x000000008a000000, 0x000000008a000000, 0x000000008a100000|  0%| F|  |TAMS 0x000000008a000000, 0x000000008a000000| Untracked 
|  51|0x000000008a100000, 0x000000008a100000, 0x000000008a200000|  0%| F|  |TAMS 0x000000008a100000, 0x000000008a100000| Untracked 
|  52|0x000000008a200000, 0x000000008a200000, 0x000000008a300000|  0%| F|  |TAMS 0x000000008a200000, 0x000000008a200000| Untracked 
|  53|0x000000008a300000, 0x000000008a300000, 0x000000008a400000|  0%| F|  |TAMS 0x000000008a300000, 0x000000008a300000| Untracked 
|  54|0x000000008a400000, 0x000000008a400000, 0x000000008a500000|  0%| F|  |TAMS 0x000000008a400000, 0x000000008a400000| Untracked 
|  55|0x000000008a500000, 0x000000008a500000, 0x000000008a600000|  0%| F|  |TAMS 0x000000008a500000, 0x000000008a500000| Untracked 
|  56|0x000000008a600000, 0x000000008a600000, 0x000000008a700000|  0%| F|  |TAMS 0x000000008a600000, 0x000000008a600000| Untracked 
|  57|0x000000008a700000, 0x000000008a700000, 0x000000008a800000|  0%| F|  |TAMS 0x000000008a700000, 0x000000008a700000| Untracked 
|  58|0x000000008a800000, 0x000000008a800000, 0x000000008a900000|  0%| F|  |TAMS 0x000000008a800000, 0x000000008a800000| Untracked 
|  59|0x000000008a900000, 0x000000008a900000, 0x000000008aa00000|  0%| F|  |TAMS 0x000000008a900000, 0x000000008a900000| Untracked 
|  60|0x000000008aa00000, 0x000000008aa00000, 0x000000008ab00000|  0%| F|  |TAMS 0x000000008aa00000, 0x000000008aa00000| Untracked 
|  61|0x000000008ab00000, 0x000000008ab00000, 0x000000008ac00000|  0%| F|  |TAMS 0x000000008ab00000, 0x000000008ab00000| Untracked 
|  62|0x000000008ac00000, 0x000000008ac00000, 0x000000008ad00000|  0%| F|  |TAMS 0x000000008ac00000, 0x000000008ac00000| Untracked 
|  63|0x000000008ad00000, 0x000000008ad00000, 0x000000008ae00000|  0%| F|  |TAMS 0x000000008ad00000, 0x000000008ad00000| Untracked 
|  64|0x000000008ae00000, 0x000000008ae00000, 0x000000008af00000|  0%| F|  |TAMS 0x000000008ae00000, 0x000000008ae00000| Untracked 
|  65|0x000000008af00000, 0x000000008af00000, 0x000000008b000000|  0%| F|  |TAMS 0x000000008af00000, 0x000000008af00000| Untracked 
|  66|0x000000008b000000, 0x000000008b000000, 0x000000008b100000|  0%| F|  |TAMS 0x000000008b000000, 0x000000008b000000| Untracked 
|  67|0x000000008b100000, 0x000000008b100000, 0x000000008b200000|  0%| F|  |TAMS 0x000000008b100000, 0x000000008b100000| Untracked 
|  68|0x000000008b200000, 0x000000008b200000, 0x000000008b300000|  0%| F|  |TAMS 0x000000008b200000, 0x000000008b200000| Untracked 
|  69|0x000000008b300000, 0x000000008b300000, 0x000000008b400000|  0%| F|  |TAMS 0x000000008b300000, 0x000000008b300000| Untracked 
|  70|0x000000008b400000, 0x000000008b400000, 0x000000008b500000|  0%| F|  |TAMS 0x000000008b400000, 0x000000008b400000| Untracked 
|  71|0x000000008b500000, 0x000000008b500000, 0x000000008b600000|  0%| F|  |TAMS 0x000000008b500000, 0x000000008b500000| Untracked 
|  72|0x000000008b600000, 0x000000008b600000, 0x000000008b700000|  0%| F|  |TAMS 0x000000008b600000, 0x000000008b600000| Untracked 
|  73|0x000000008b700000, 0x000000008b700000, 0x000000008b800000|  0%| F|  |TAMS 0x000000008b700000, 0x000000008b700000| Untracked 
|  74|0x000000008b800000, 0x000000008b800000, 0x000000008b900000|  0%| F|  |TAMS 0x000000008b800000, 0x000000008b800000| Untracked 
|  75|0x000000008b900000, 0x000000008b900000, 0x000000008ba00000|  0%| F|  |TAMS 0x000000008b900000, 0x000000008b900000| Untracked 
|  76|0x000000008ba00000, 0x000000008ba00000, 0x000000008bb00000|  0%| F|  |TAMS 0x000000008ba00000, 0x000000008ba00000| Untracked 
|  77|0x000000008bb00000, 0x000000008bb00000, 0x000000008bc00000|  0%| F|  |TAMS 0x000000008bb00000, 0x000000008bb00000| Untracked 
|  78|0x000000008bc00000, 0x000000008bc00000, 0x000000008bd00000|  0%| F|  |TAMS 0x000000008bc00000, 0x000000008bc00000| Untracked 
|  79|0x000000008bd00000, 0x000000008bd00000, 0x000000008be00000|  0%| F|  |TAMS 0x000000008bd00000, 0x000000008bd00000| Untracked 
|  80|0x000000008be00000, 0x000000008be00000, 0x000000008bf00000|  0%| F|  |TAMS 0x000000008be00000, 0x000000008be00000| Untracked 
|  81|0x000000008bf00000, 0x000000008bf00000, 0x000000008c000000|  0%| F|  |TAMS 0x000000008bf00000, 0x000000008bf00000| Untracked 
|  82|0x000000008c000000, 0x000000008c000000, 0x000000008c100000|  0%| F|  |TAMS 0x000000008c000000, 0x000000008c000000| Untracked 
|  83|0x000000008c100000, 0x000000008c100000, 0x000000008c200000|  0%| F|  |TAMS 0x000000008c100000, 0x000000008c100000| Untracked 
|  84|0x000000008c200000, 0x000000008c200000, 0x000000008c300000|  0%| F|  |TAMS 0x000000008c200000, 0x000000008c200000| Untracked 
|  85|0x000000008c300000, 0x000000008c300000, 0x000000008c400000|  0%| F|  |TAMS 0x000000008c300000, 0x000000008c300000| Untracked 
|  86|0x000000008c400000, 0x000000008c400000, 0x000000008c500000|  0%| F|  |TAMS 0x000000008c400000, 0x000000008c400000| Untracked 
|  87|0x000000008c500000, 0x000000008c500000, 0x000000008c600000|  0%| F|  |TAMS 0x000000008c500000, 0x000000008c500000| Untracked 
|  88|0x000000008c600000, 0x000000008c600000, 0x000000008c700000|  0%| F|  |TAMS 0x000000008c600000, 0x000000008c600000| Untracked 
|  89|0x000000008c700000, 0x000000008c700000, 0x000000008c800000|  0%| F|  |TAMS 0x000000008c700000, 0x000000008c700000| Untracked 
|  90|0x000000008c800000, 0x000000008c800000, 0x000000008c900000|  0%| F|  |TAMS 0x000000008c800000, 0x000000008c800000| Untracked 
|  91|0x000000008c900000, 0x000000008c900000, 0x000000008ca00000|  0%| F|  |TAMS 0x000000008c900000, 0x000000008c900000| Untracked 
|  92|0x000000008ca00000, 0x000000008ca00000, 0x000000008cb00000|  0%| F|  |TAMS 0x000000008ca00000, 0x000000008ca00000| Untracked 
|  93|0x000000008cb00000, 0x000000008cb00000, 0x000000008cc00000|  0%| F|  |TAMS 0x000000008cb00000, 0x000000008cb00000| Untracked 
|  94|0x000000008cc00000, 0x000000008cc00000, 0x000000008cd00000|  0%| F|  |TAMS 0x000000008cc00000, 0x000000008cc00000| Untracked 
|  95|0x000000008cd00000, 0x000000008cd00000, 0x000000008ce00000|  0%| F|  |TAMS 0x000000008cd00000, 0x000000008cd00000| Untracked 
|  96|0x000000008ce00000, 0x000000008ce00000, 0x000000008cf00000|  0%| F|  |TAMS 0x000000008ce00000, 0x000000008ce00000| Untracked 
|  97|0x000000008cf00000, 0x000000008cf00000, 0x000000008d000000|  0%| F|  |TAMS 0x000000008cf00000, 0x000000008cf00000| Untracked 
|  98|0x000000008d000000, 0x000000008d000000, 0x000000008d100000|  0%| F|  |TAMS 0x000000008d000000, 0x000000008d000000| Untracked 
|  99|0x000000008d100000, 0x000000008d100000, 0x000000008d200000|  0%| F|  |TAMS 0x000000008d100000, 0x000000008d100000| Untracked 
| 100|0x000000008d200000, 0x000000008d200000, 0x000000008d300000|  0%| F|  |TAMS 0x000000008d200000, 0x000000008d200000| Untracked 
| 101|0x000000008d300000, 0x000000008d300000, 0x000000008d400000|  0%| F|  |TAMS 0x000000008d300000, 0x000000008d300000| Untracked 
| 102|0x000000008d400000, 0x000000008d400000, 0x000000008d500000|  0%| F|  |TAMS 0x000000008d400000, 0x000000008d400000| Untracked 
| 103|0x000000008d500000, 0x000000008d500000, 0x000000008d600000|  0%| F|  |TAMS 0x000000008d500000, 0x000000008d500000| Untracked 
| 104|0x000000008d600000, 0x000000008d600000, 0x000000008d700000|  0%| F|  |TAMS 0x000000008d600000, 0x000000008d600000| Untracked 
| 105|0x000000008d700000, 0x000000008d700000, 0x000000008d800000|  0%| F|  |TAMS 0x000000008d700000, 0x000000008d700000| Untracked 
| 106|0x000000008d800000, 0x000000008d800000, 0x000000008d900000|  0%| F|  |TAMS 0x000000008d800000, 0x000000008d800000| Untracked 
| 107|0x000000008d900000, 0x000000008d900000, 0x000000008da00000|  0%| F|  |TAMS 0x000000008d900000, 0x000000008d900000| Untracked 
| 108|0x000000008da00000, 0x000000008da00000, 0x000000008db00000|  0%| F|  |TAMS 0x000000008da00000, 0x000000008da00000| Untracked 
| 109|0x000000008db00000, 0x000000008db00000, 0x000000008dc00000|  0%| F|  |TAMS 0x000000008db00000, 0x000000008db00000| Untracked 
| 110|0x000000008dc00000, 0x000000008dc00000, 0x000000008dd00000|  0%| F|  |TAMS 0x000000008dc00000, 0x000000008dc00000| Untracked 
| 111|0x000000008dd00000, 0x000000008dd00000, 0x000000008de00000|  0%| F|  |TAMS 0x000000008dd00000, 0x000000008dd00000| Untracked 
| 112|0x000000008de00000, 0x000000008de00000, 0x000000008df00000|  0%| F|  |TAMS 0x000000008de00000, 0x000000008de00000| Untracked 
| 113|0x000000008df00000, 0x000000008df00000, 0x000000008e000000|  0%| F|  |TAMS 0x000000008df00000, 0x000000008df00000| Untracked 
| 114|0x000000008e000000, 0x000000008e000000, 0x000000008e100000|  0%| F|  |TAMS 0x000000008e000000, 0x000000008e000000| Untracked 
| 115|0x000000008e100000, 0x000000008e100000, 0x000000008e200000|  0%| F|  |TAMS 0x000000008e100000, 0x000000008e100000| Untracked 
| 116|0x000000008e200000, 0x000000008e200000, 0x000000008e300000|  0%| F|  |TAMS 0x000000008e200000, 0x000000008e200000| Untracked 
| 117|0x000000008e300000, 0x000000008e300000, 0x000000008e400000|  0%| F|  |TAMS 0x000000008e300000, 0x000000008e300000| Untracked 
| 118|0x000000008e400000, 0x000000008e400000, 0x000000008e500000|  0%| F|  |TAMS 0x000000008e400000, 0x000000008e400000| Untracked 
| 119|0x000000008e500000, 0x000000008e500000, 0x000000008e600000|  0%| F|  |TAMS 0x000000008e500000, 0x000000008e500000| Untracked 
| 120|0x000000008e600000, 0x000000008e600000, 0x000000008e700000|  0%| F|  |TAMS 0x000000008e600000, 0x000000008e600000| Untracked 
| 121|0x000000008e700000, 0x000000008e700000, 0x000000008e800000|  0%| F|  |TAMS 0x000000008e700000, 0x000000008e700000| Untracked 
| 122|0x000000008e800000, 0x000000008e800000, 0x000000008e900000|  0%| F|  |TAMS 0x000000008e800000, 0x000000008e800000| Untracked 
| 123|0x000000008e900000, 0x000000008e900000, 0x000000008ea00000|  0%| F|  |TAMS 0x000000008e900000, 0x000000008e900000| Untracked 
| 124|0x000000008ea00000, 0x000000008ea00000, 0x000000008eb00000|  0%| F|  |TAMS 0x000000008ea00000, 0x000000008ea00000| Untracked 
| 125|0x000000008eb00000, 0x000000008eb00000, 0x000000008ec00000|  0%| F|  |TAMS 0x000000008eb00000, 0x000000008eb00000| Untracked 
| 126|0x000000008ec00000, 0x000000008ec00000, 0x000000008ed00000|  0%| F|  |TAMS 0x000000008ec00000, 0x000000008ec00000| Untracked 
| 127|0x000000008ed00000, 0x000000008ed00000, 0x000000008ee00000|  0%| F|  |TAMS 0x000000008ed00000, 0x000000008ed00000| Untracked 
| 128|0x000000008ee00000, 0x000000008ee00000, 0x000000008ef00000|  0%| F|  |TAMS 0x000000008ee00000, 0x000000008ee00000| Untracked 
| 129|0x000000008ef00000, 0x000000008ef00000, 0x000000008f000000|  0%| F|  |TAMS 0x000000008ef00000, 0x000000008ef00000| Untracked 
| 130|0x000000008f000000, 0x000000008f000000, 0x000000008f100000|  0%| F|  |TAMS 0x000000008f000000, 0x000000008f000000| Untracked 
| 131|0x000000008f100000, 0x000000008f100000, 0x000000008f200000|  0%| F|  |TAMS 0x000000008f100000, 0x000000008f100000| Untracked 
| 132|0x000000008f200000, 0x000000008f200000, 0x000000008f300000|  0%| F|  |TAMS 0x000000008f200000, 0x000000008f200000| Untracked 
| 133|0x000000008f300000, 0x000000008f3df0a0, 0x000000008f400000| 87%| S|CS|TAMS 0x000000008f300000, 0x000000008f300000| Complete 
| 134|0x000000008f400000, 0x000000008f500000, 0x000000008f500000|100%| S|CS|TAMS 0x000000008f400000, 0x000000008f400000| Complete 
| 135|0x000000008f500000, 0x000000008f600000, 0x000000008f600000|100%| S|CS|TAMS 0x000000008f500000, 0x000000008f500000| Complete 
| 136|0x000000008f600000, 0x000000008f700000, 0x000000008f700000|100%| S|CS|TAMS 0x000000008f600000, 0x000000008f600000| Complete 
| 137|0x000000008f700000, 0x000000008f700000, 0x000000008f800000|  0%| F|  |TAMS 0x000000008f700000, 0x000000008f700000| Untracked 
| 138|0x000000008f800000, 0x000000008f800000, 0x000000008f900000|  0%| F|  |TAMS 0x000000008f800000, 0x000000008f800000| Untracked 
| 139|0x000000008f900000, 0x000000008f900000, 0x000000008fa00000|  0%| F|  |TAMS 0x000000008f900000, 0x000000008f900000| Untracked 
| 140|0x000000008fa00000, 0x000000008fa00000, 0x000000008fb00000|  0%| F|  |TAMS 0x000000008fa00000, 0x000000008fa00000| Untracked 
| 141|0x000000008fb00000, 0x000000008fb00000, 0x000000008fc00000|  0%| F|  |TAMS 0x000000008fb00000, 0x000000008fb00000| Untracked 
| 142|0x000000008fc00000, 0x000000008fc00000, 0x000000008fd00000|  0%| F|  |TAMS 0x000000008fc00000, 0x000000008fc00000| Untracked 
| 143|0x000000008fd00000, 0x000000008fd483f0, 0x000000008fe00000| 28%| E|  |TAMS 0x000000008fd00000, 0x000000008fd00000| Complete 
| 144|0x000000008fe00000, 0x000000008ff00000, 0x000000008ff00000|100%| E|CS|TAMS 0x000000008fe00000, 0x000000008fe00000| Complete 
| 145|0x000000008ff00000, 0x0000000090000000, 0x0000000090000000|100%| E|CS|TAMS 0x000000008ff00000, 0x000000008ff00000| Complete 
| 146|0x0000000090000000, 0x0000000090100000, 0x0000000090100000|100%| E|CS|TAMS 0x0000000090000000, 0x0000000090000000| Complete 

Card table byte_map: [0x000001b0b2650000,0x000001b0b2a20000] _byte_map_base: 0x000001b0b2219000

Marking Bits (Prev, Next): (CMBitMap*) 0x000001b09f40e978, (CMBitMap*) 0x000001b09f40e9b0
 Prev Bits: [0x000001b0b2df0000, 0x000001b0b4c38000)
 Next Bits: [0x000001b0b4c40000, 0x000001b0b6a88000)

Polling page: 0x000001b09d120000

Metaspace:

Usage:
  Non-class:     31.19 MB capacity,    30.75 MB ( 99%) used,   388.59 KB (  1%) free+waste,    61.44 KB ( <1%) overhead. 
      Class:      3.93 MB capacity,     3.66 MB ( 93%) used,   252.13 KB (  6%) free+waste,    25.81 KB ( <1%) overhead. 
       Both:     35.12 MB capacity,    34.40 MB ( 98%) used,   640.71 KB (  2%) free+waste,    87.25 KB ( <1%) overhead. 

Virtual space:
  Non-class space:       32.00 MB reserved,      31.42 MB ( 98%) committed 
      Class space:        1.00 GB reserved,       4.00 MB ( <1%) committed 
             Both:        1.03 GB reserved,      35.42 MB (  3%) committed 

Chunk freelists:
   Non-Class:  50.00 KB
       Class:  8.00 KB
        Both:  58.00 KB

CodeHeap 'non-profiled nmethods': size=120064Kb used=3104Kb max_used=3104Kb free=116959Kb
 bounds [0x000001b0aad40000, 0x000001b0ab050000, 0x000001b0b2280000]
CodeHeap 'profiled nmethods': size=120000Kb used=13400Kb max_used=13400Kb free=106599Kb
 bounds [0x000001b0a3810000, 0x000001b0a4530000, 0x000001b0aad40000]
CodeHeap 'non-nmethods': size=5696Kb used=1162Kb max_used=1200Kb free=4533Kb
 bounds [0x000001b0a3280000, 0x000001b0a34f0000, 0x000001b0a3810000]
 total_blobs=7496 nmethods=5609 adapters=413
 compilation: enabled
              stopped_count=0, restarted_count=0
 full_count=0

Compilation events (10 events):
Event: 10.676 Thread 0x000001b0b8fa5800 nmethod 5620 0x000001b0a4521b10 code [0x000001b0a4521dc0, 0x000001b0a4522cf0]
Event: 10.677 Thread 0x000001b0b8fa5800 5621       3       java.lang.invoke.VarHandleObjects$FieldInstanceReadWrite::compareAndSet (38 bytes)
Event: 10.678 Thread 0x000001b0b8fa5800 nmethod 5621 0x000001b0a4523290 code [0x000001b0a4523500, 0x000001b0a4523ed0]
Event: 11.228 Thread 0x000001b0b8f99000 5622       4       java.util.concurrent.locks.ReentrantLock$Sync::tryRelease (45 bytes)
Event: 11.230 Thread 0x000001b0b8f99000 nmethod 5622 0x000001b0ab046410 code [0x000001b0ab0465a0, 0x000001b0ab046698]
Event: 11.728 Thread 0x000001b0b8f99000 5623       4       java.util.Formatter$FixedString::print (26 bytes)
Event: 11.741 Thread 0x000001b0b8f99000 nmethod 5623 0x000001b0ab046790 code [0x000001b0ab046960, 0x000001b0ab046e98]
Event: 11.741 Thread 0x000001b0b8f99000 5624       4       java.lang.StringBuilder::append (8 bytes)
Event: 11.749 Thread 0x000001b0b8f99000 nmethod 5624 0x000001b0ab047290 code [0x000001b0ab047460, 0x000001b0ab047978]
Event: 11.749 Thread 0x000001b0b8f99000 5625       4       sun.nio.cs.UTF_8$Encoder::encodeArrayLoop (489 bytes)

GC Heap History (10 events):
Event: 2.711 GC heap before
{Heap before GC invocations=3 (full 0):
 garbage-first heap   total 124928K, used 40588K [0x0000000086e00000, 0x0000000100000000)
  region size 1024K, 38 young (38912K), 2 survivors (2048K)
 Metaspace       used 20771K, capacity 21112K, committed 21296K, reserved 1069056K
  class space    used 2241K, capacity 2358K, committed 2432K, reserved 1048576K
}
Event: 2.723 GC heap after
{Heap after GC invocations=4 (full 0):
 garbage-first heap   total 124928K, used 6522K [0x0000000086e00000, 0x0000000100000000)
  region size 1024K, 3 young (3072K), 3 survivors (3072K)
 Metaspace       used 20771K, capacity 21112K, committed 21296K, reserved 1069056K
  class space    used 2241K, capacity 2358K, committed 2432K, reserved 1048576K
}
Event: 5.483 GC heap before
{Heap before GC invocations=5 (full 0):
 garbage-first heap   total 124928K, used 78202K [0x0000000086e00000, 0x0000000100000000)
  region size 1024K, 73 young (74752K), 3 survivors (3072K)
 Metaspace       used 22244K, capacity 22730K, committed 22960K, reserved 1069056K
  class space    used 2330K, capacity 2467K, committed 2560K, reserved 1048576K
}
Event: 5.500 GC heap after
{Heap after GC invocations=6 (full 0):
 garbage-first heap   total 124928K, used 10188K [0x0000000086e00000, 0x0000000100000000)
  region size 1024K, 7 young (7168K), 7 survivors (7168K)
 Metaspace       used 22244K, capacity 22730K, committed 22960K, reserved 1069056K
  class space    used 2330K, capacity 2467K, committed 2560K, reserved 1048576K
}
Event: 7.056 GC heap before
{Heap before GC invocations=6 (full 0):
 garbage-first heap   total 124928K, used 77772K [0x0000000086e00000, 0x0000000100000000)
  region size 1024K, 73 young (74752K), 7 survivors (7168K)
 Metaspace       used 27091K, capacity 27630K, committed 27952K, reserved 1075200K
  class space    used 2932K, capacity 3105K, committed 3200K, reserved 1048576K
}
Event: 7.075 GC heap after
{Heap after GC invocations=7 (full 0):
 garbage-first heap   total 150528K, used 13654K [0x0000000086e00000, 0x0000000100000000)
  region size 1024K, 7 young (7168K), 7 survivors (7168K)
 Metaspace       used 27091K, capacity 27630K, committed 27952K, reserved 1075200K
  class space    used 2932K, capacity 3105K, committed 3200K, reserved 1048576K
}
Event: 8.892 GC heap before
{Heap before GC invocations=7 (full 0):
 garbage-first heap   total 150528K, used 94550K [0x0000000086e00000, 0x0000000100000000)
  region size 1024K, 86 young (88064K), 7 survivors (7168K)
 Metaspace       used 34451K, capacity 35144K, committed 35376K, reserved 1081344K
  class space    used 3661K, capacity 3922K, committed 3968K, reserved 1048576K
}
Event: 8.910 GC heap after
{Heap after GC invocations=8 (full 0):
 garbage-first heap   total 150528K, used 17772K [0x0000000086e00000, 0x0000000100000000)
  region size 1024K, 8 young (8192K), 8 survivors (8192K)
 Metaspace       used 34451K, capacity 35144K, committed 35376K, reserved 1081344K
  class space    used 3661K, capacity 3922K, committed 3968K, reserved 1048576K
}
Event: 9.074 GC heap before
{Heap before GC invocations=8 (full 0):
 garbage-first heap   total 150528K, used 26988K [0x0000000086e00000, 0x0000000100000000)
  region size 1024K, 18 young (18432K), 8 survivors (8192K)
 Metaspace       used 34935K, capacity 35627K, committed 35888K, reserved 1081344K
  class space    used 3711K, capacity 3955K, committed 3968K, reserved 1048576K
}
Event: 9.083 GC heap after
{Heap after GC invocations=9 (full 0):
 garbage-first heap   total 150528K, used 17271K [0x0000000086e00000, 0x0000000100000000)
  region size 1024K, 4 young (4096K), 4 survivors (4096K)
 Metaspace       used 34935K, capacity 35627K, committed 35888K, reserved 1081344K
  class space    used 3711K, capacity 3955K, committed 3968K, reserved 1048576K
}

Deoptimization events (10 events):
Event: 9.126 Thread 0x000001b09f3d3800 DEOPT PACKING pc=0x000001b0aae9d104 sp=0x0000005b600fd460
Event: 9.126 Thread 0x000001b09f3d3800 DEOPT UNPACKING pc=0x000001b0a32a8eaf sp=0x0000005b600fd3f0 mode 2
Event: 10.666 Thread 0x000001b0c1008800 Uncommon trap: trap_request=0xffffff4d fr.pc=0x000001b0ab016da8 relative=0x0000000000000188
Event: 10.666 Thread 0x000001b0c1008800 Uncommon trap: reason=unstable_if action=reinterpret pc=0x000001b0ab016da8 method=java.util.concurrent.locks.ReentrantLock$Sync.nonfairTryAcquire(I)Z @ 34 c2
Event: 10.666 Thread 0x000001b0c1008800 DEOPT PACKING pc=0x000001b0ab016da8 sp=0x0000005b61efefd0
Event: 10.666 Thread 0x000001b0c1008800 DEOPT UNPACKING pc=0x000001b0a32a8eaf sp=0x0000005b61efef70 mode 2
Event: 11.728 Thread 0x000001b0c106d000 Uncommon trap: trap_request=0xffffff4d fr.pc=0x000001b0aae88054 relative=0x0000000000000034
Event: 11.728 Thread 0x000001b0c106d000 Uncommon trap: reason=unstable_if action=reinterpret pc=0x000001b0aae88054 method=java.util.Formatter$Conversion.isGeneral(C)Z @ 1 c2
Event: 11.728 Thread 0x000001b0c106d000 DEOPT PACKING pc=0x000001b0aae88054 sp=0x0000005b61cfee60
Event: 11.728 Thread 0x000001b0c106d000 DEOPT UNPACKING pc=0x000001b0a32a8eaf sp=0x0000005b61cfede8 mode 2

Classes redefined (0 events):
No events

Internal exceptions (10 events):
Event: 8.003 Thread 0x000001b09f3d3800 Exception <a 'sun/nio/fs/WindowsException'{0x000000008de7c3d0}> (0x000000008de7c3d0) thrown at [c:/BuildAgent/work/5ff2f6c26000d570/src/hotspot/share/prims/jni.cpp, line 615]
Event: 8.003 Thread 0x000001b09f3d3800 Exception <a 'sun/nio/fs/WindowsException'{0x000000008de7d018}> (0x000000008de7d018) thrown at [c:/BuildAgent/work/5ff2f6c26000d570/src/hotspot/share/prims/jni.cpp, line 615]
Event: 8.045 Thread 0x000001b09f3d3800 Exception <a 'sun/nio/fs/WindowsException'{0x000000008dd97b28}> (0x000000008dd97b28) thrown at [c:/BuildAgent/work/5ff2f6c26000d570/src/hotspot/share/prims/jni.cpp, line 615]
Event: 8.521 Thread 0x000001b09f3d3800 Exception <a 'java/lang/NoSuchMethodError'{0x000000008c9b1f10}: 'java.lang.String org.apache.maven.execution.MavenExecutionRequest.getFailureBehavior()'> (0x000000008c9b1f10) thrown at [c:/BuildAgent/work/5ff2f6c26000d570/src/hotspot/share/interpreter/lin
Event: 8.555 Thread 0x000001b0ba215800 Exception <a 'java/lang/NoSuchMethodError'{0x000000008cb4d640}: 'java.lang.Object java.lang.invoke.DirectMethodHandle$Holder.invokeStaticInit(java.lang.Object, java.lang.Object, long, java.lang.Object)'> (0x000000008cb4d640) thrown at [c:/BuildAgent/work/
Event: 8.557 Thread 0x000001b0ba215800 Exception <a 'java/lang/NoSuchMethodError'{0x000000008cb59760}: 'java.lang.Object java.lang.invoke.Invokers$Holder.linkToTargetMethod(java.lang.Object, long, java.lang.Object)'> (0x000000008cb59760) thrown at [c:/BuildAgent/work/5ff2f6c26000d570/src/hotsp
Event: 9.168 Thread 0x000001b09f3d3800 Exception <a 'java/lang/NoSuchMethodError'{0x00000000900e9d20}: 'void java.lang.invoke.DirectMethodHandle$Holder.invokeStatic(java.lang.Object, long)'> (0x00000000900e9d20) thrown at [c:/BuildAgent/work/5ff2f6c26000d570/src/hotspot/share/interpreter/linkR
Event: 9.169 Thread 0x000001b09f3d3800 Exception <a 'java/lang/NoSuchMethodError'{0x00000000900eef38}: 'java.lang.Object java.lang.invoke.DirectMethodHandle$Holder.invokeStatic(java.lang.Object, long)'> (0x00000000900eef38) thrown at [c:/BuildAgent/work/5ff2f6c26000d570/src/hotspot/share/inter
Event: 9.169 Thread 0x000001b09f3d3800 Exception <a 'java/lang/NoSuchMethodError'{0x00000000900f2260}: 'java.lang.Object java.lang.invoke.DirectMethodHandle$Holder.invokeSpecial(java.lang.Object, java.lang.Object, long)'> (0x00000000900f2260) thrown at [c:/BuildAgent/work/5ff2f6c26000d570/src/
Event: 9.171 Thread 0x000001b09f3d3800 Exception <a 'java/lang/NoSuchMethodError'{0x00000000900f4fc8}: 'java.lang.Object java.lang.invoke.Invokers$Holder.linkToTargetMethod(long, java.lang.Object)'> (0x00000000900f4fc8) thrown at [c:/BuildAgent/work/5ff2f6c26000d570/src/hotspot/share/interpret

Events (10 events):
Event: 11.727 loading class org/apache/maven/plugin/surefire/booterclient/output/InPluginProcessDumpSingleton
Event: 11.727 loading class org/apache/maven/plugin/surefire/booterclient/output/InPluginProcessDumpSingleton done
Event: 11.727 loading class org/apache/maven/plugin/surefire/booterclient/output/InPluginProcessDumpSingleton
Event: 11.727 loading class org/apache/maven/plugin/surefire/booterclient/output/InPluginProcessDumpSingleton done
Event: 11.743 Executing VM operation: RevokeBias
Event: 11.743 Executing VM operation: RevokeBias done
Event: 11.744 loading class java/lang/Throwable$WrappedPrintWriter
Event: 11.744 loading class java/lang/Throwable$PrintStreamOrWriter
Event: 11.744 loading class java/lang/Throwable$PrintStreamOrWriter done
Event: 11.744 loading class java/lang/Throwable$WrappedPrintWriter done


Dynamic libraries:
0x00007ff7b6390000 - 0x00007ff7b63d7000 	C:\Users\Катя\AppData\Local\JetBrains\Toolbox\apps\IDEA-C\ch-0\192.7142.36\jbr\bin\java.exe
0x00007ffe13980000 - 0x00007ffe13b70000 	C:\Windows\SYSTEM32\ntdll.dll
0x00007ffe12c50000 - 0x00007ffe12d02000 	C:\Windows\System32\KERNEL32.DLL
0x00007ffe10b90000 - 0x00007ffe10e33000 	C:\Windows\System32\KERNELBASE.dll
0x00007ffe12610000 - 0x00007ffe127a4000 	C:\Windows\System32\USER32.dll
0x00007ffe11880000 - 0x00007ffe118a1000 	C:\Windows\System32\win32u.dll
0x00007ffe133b0000 - 0x00007ffe133d6000 	C:\Windows\System32\GDI32.dll
0x00007ffe10960000 - 0x00007ffe10af4000 	C:\Windows\System32\gdi32full.dll
0x00007ffe11960000 - 0x00007ffe119fe000 	C:\Windows\System32\msvcp_win.dll
0x00007ffe11000000 - 0x00007ffe110fa000 	C:\Windows\System32\ucrtbase.dll
0x00007ffe0fd20000 - 0x00007ffe0ffa5000 	C:\Windows\WinSxS\amd64_microsoft.windows.common-controls_6595b64144ccf1df_6.0.18362.720_none_e6beb5c51314836b\COMCTL32.dll
0x00007ffe11dc0000 - 0x00007ffe11e5e000 	C:\Windows\System32\msvcrt.dll
0x00007ffe135d0000 - 0x00007ffe13906000 	C:\Windows\System32\combase.dll
0x00007ffe134b0000 - 0x00007ffe135d0000 	C:\Windows\System32\RPCRT4.dll
0x00007ffe108e0000 - 0x00007ffe10960000 	C:\Windows\System32\bcryptPrimitives.dll
0x00007ffe129b0000 - 0x00007ffe129de000 	C:\Windows\System32\IMM32.DLL
0x00007ffe10270000 - 0x00007ffe10287000 	C:\Users\Катя\AppData\Local\JetBrains\Toolbox\apps\IDEA-C\ch-0\192.7142.36\jbr\bin\vcruntime140.dll
0x00007ffe024b0000 - 0x00007ffe0254d000 	C:\Users\Катя\AppData\Local\JetBrains\Toolbox\apps\IDEA-C\ch-0\192.7142.36\jbr\bin\msvcp140.dll
0x00007ffdeb580000 - 0x00007ffdec038000 	C:\Users\Катя\AppData\Local\JetBrains\Toolbox\apps\IDEA-C\ch-0\192.7142.36\jbr\bin\server\jvm.dll
0x00007ffe12830000 - 0x00007ffe128d3000 	C:\Windows\System32\ADVAPI32.dll
0x00007ffe12bb0000 - 0x00007ffe12c47000 	C:\Windows\System32\sechost.dll
0x00007ffe12600000 - 0x00007ffe12608000 	C:\Windows\System32\PSAPI.DLL
0x00007ffe0da80000 - 0x00007ffe0daa4000 	C:\Windows\SYSTEM32\WINMM.dll
0x00007ffe01580000 - 0x00007ffe0158a000 	C:\Windows\SYSTEM32\VERSION.dll
0x00007ffe102d0000 - 0x00007ffe102d9000 	C:\Windows\SYSTEM32\WSOCK32.dll
0x00007ffe12d30000 - 0x00007ffe12d9f000 	C:\Windows\System32\WS2_32.dll
0x00007ffe0da50000 - 0x00007ffe0da7d000 	C:\Windows\SYSTEM32\winmmbase.dll
0x00007ffe10f90000 - 0x00007ffe10fda000 	C:\Windows\System32\cfgmgr32.dll
0x00007ffe108c0000 - 0x00007ffe108d1000 	C:\Windows\System32\kernel.appcore.dll
0x00007ffe0c4b0000 - 0x00007ffe0c4c1000 	C:\Users\Катя\AppData\Local\JetBrains\Toolbox\apps\IDEA-C\ch-0\192.7142.36\jbr\bin\verify.dll
0x00007ffe10330000 - 0x00007ffe10524000 	C:\Windows\SYSTEM32\DBGHELP.DLL
0x00007ffe100a0000 - 0x00007ffe100ca000 	C:\Windows\SYSTEM32\dbgcore.DLL
0x00007ffe0c450000 - 0x00007ffe0c479000 	C:\Users\Катя\AppData\Local\JetBrains\Toolbox\apps\IDEA-C\ch-0\192.7142.36\jbr\bin\java.dll
0x00007ffdf8b60000 - 0x00007ffdf8b94000 	C:\Users\Катя\AppData\Local\JetBrains\Toolbox\apps\IDEA-C\ch-0\192.7142.36\jbr\bin\instrument.dll
0x00007ffe05d20000 - 0x00007ffe05d37000 	C:\Users\Катя\AppData\Local\JetBrains\Toolbox\apps\IDEA-C\ch-0\192.7142.36\jbr\bin\zip.dll
0x00007ffe102c0000 - 0x00007ffe102cb000 	C:\Users\Катя\AppData\Local\JetBrains\Toolbox\apps\IDEA-C\ch-0\192.7142.36\jbr\bin\jimage.dll
0x00007ffe11e60000 - 0x00007ffe12545000 	C:\Windows\System32\SHELL32.dll
0x00007ffe11a00000 - 0x00007ffe11aa9000 	C:\Windows\System32\shcore.dll
0x00007ffe11100000 - 0x00007ffe11880000 	C:\Windows\System32\windows.storage.dll
0x00007ffe10890000 - 0x00007ffe108b3000 	C:\Windows\System32\profapi.dll
0x00007ffe10820000 - 0x00007ffe1086a000 	C:\Windows\System32\powrprof.dll
0x00007ffe10810000 - 0x00007ffe10820000 	C:\Windows\System32\UMPDC.dll
0x00007ffe12e00000 - 0x00007ffe12e52000 	C:\Windows\System32\shlwapi.dll
0x00007ffe10fe0000 - 0x00007ffe10ff7000 	C:\Windows\System32\cryptsp.dll
0x00007ffe05d00000 - 0x00007ffe05d1a000 	C:\Users\Катя\AppData\Local\JetBrains\Toolbox\apps\IDEA-C\ch-0\192.7142.36\jbr\bin\net.dll
0x00007ffe03760000 - 0x00007ffe03851000 	C:\Windows\SYSTEM32\WINHTTP.dll
0x00007ffe038a0000 - 0x00007ffe03a75000 	C:\Windows\SYSTEM32\urlmon.dll
0x00007ffe03fe0000 - 0x00007ffe04286000 	C:\Windows\SYSTEM32\iertutil.dll
0x00007ffe0fbd0000 - 0x00007ffe0fbdc000 	C:\Windows\SYSTEM32\CRYPTBASE.DLL
0x00007ffe0fa00000 - 0x00007ffe0fa67000 	C:\Windows\system32\mswsock.dll
0x00007ffe02790000 - 0x00007ffe027a4000 	C:\Users\Катя\AppData\Local\JetBrains\Toolbox\apps\IDEA-C\ch-0\192.7142.36\jbr\bin\nio.dll
0x00007ffe0f570000 - 0x00007ffe0f5a3000 	C:\Windows\system32\rsaenh.dll
0x00007ffe10b60000 - 0x00007ffe10b86000 	C:\Windows\System32\bcrypt.dll
0x00007ffe10730000 - 0x00007ffe10755000 	C:\Windows\SYSTEM32\USERENV.dll
0x00007ffe0f710000 - 0x00007ffe0f74a000 	C:\Windows\SYSTEM32\IPHLPAPI.DLL
0x00007ffe12b20000 - 0x00007ffe12b28000 	C:\Windows\System32\NSI.dll
0x00007ffe05a60000 - 0x00007ffe05a76000 	C:\Windows\SYSTEM32\dhcpcsvc6.DLL
0x00007ffe06140000 - 0x00007ffe0615c000 	C:\Windows\SYSTEM32\dhcpcsvc.DLL
0x00007ffe0f750000 - 0x00007ffe0f81a000 	C:\Windows\SYSTEM32\DNSAPI.dll
0x00007ffe05d60000 - 0x00007ffe05d6a000 	C:\Users\Катя\AppData\Local\Temp\jansi-1.17.1-316148209546447754.dll
0x00007ffe01de0000 - 0x00007ffe01dea000 	C:\Users\Катя\AppData\Local\Temp\jansi-1.17.1-2565198089185126042.dll

dbghelp: loaded successfully - version: 4.0.5 - missing functions: none
symbol engine: initialized successfully - sym options: 0x614 - pdb path: .;C:\Users\Катя\AppData\Local\JetBrains\Toolbox\apps\IDEA-C\ch-0\192.7142.36\jbr\bin;C:\Windows\SYSTEM32;C:\Windows\WinSxS\amd64_microsoft.windows.common-controls_6595b64144ccf1df_6.0.18362.720_none_e6beb5c51314836b;C:\Users\Катя\AppData\Local\JetBrains\Toolbox\apps\IDEA-C\ch-0\192.7142.36\jbr\bin\server;C:\Users\Катя\AppData\Local\Temp

VM Arguments:
jvm_args: -Dmaven.multiModuleProjectDirectory=D:\REA\java_project\hw8 -Dmaven.home=C:\Users\Катя\AppData\Local\JetBrains\Toolbox\apps\IDEA-C\ch-0\192.7142.36\plugins\maven\lib\maven3 -Dclassworlds.conf=C:\Users\Катя\AppData\Local\JetBrains\Toolbox\apps\IDEA-C\ch-0\192.7142.36\plugins\maven\lib\maven3\bin\m2.conf -Dmaven.ext.class.path=C:\Users\Катя\AppData\Local\JetBrains\Toolbox\apps\IDEA-C\ch-0\192.7142.36\plugins\maven\lib\maven-event-listener.jar -javaagent:C:\Users\Катя\AppData\Local\JetBrains\Toolbox\apps\IDEA-C\ch-0\192.7142.36\lib\idea_rt.jar=64331:C:\Users\Катя\AppData\Local\JetBrains\Toolbox\apps\IDEA-C\ch-0\192.7142.36\bin -Dfile.encoding=UTF-8 
java_command: org.codehaus.classworlds.Launcher -Didea.version2019.2.4 test
java_class_path (initial): C:\Users\Катя\AppData\Local\JetBrains\Toolbox\apps\IDEA-C\ch-0\192.7142.36\plugins\maven\lib\maven3\boot\plexus-classworlds-2.6.0.jar
Launcher Type: SUN_STANDARD

[Global flags]
     intx CICompilerCount                          = 3                                         {product} {ergonomic}
     uint ConcGCThreads                            = 1                                         {product} {ergonomic}
     uint G1ConcRefinementThreads                  = 4                                         {product} {ergonomic}
   size_t G1HeapRegionSize                         = 1048576                                   {product} {ergonomic}
    uintx GCDrainStackTargetSize                   = 64                                        {product} {ergonomic}
   size_t InitialHeapSize                          = 127926272                                 {product} {ergonomic}
   size_t MarkStackSize                            = 4194304                                   {product} {ergonomic}
   size_t MaxHeapSize                              = 2032140288                                {product} {ergonomic}
   size_t MaxNewSize                               = 1218445312                                {product} {ergonomic}
   size_t MinHeapDeltaBytes                        = 1048576                                   {product} {ergonomic}
    uintx NonNMethodCodeHeapSize                   = 5830092                                {pd product} {ergonomic}
    uintx NonProfiledCodeHeapSize                  = 122914074                              {pd product} {ergonomic}
    uintx ProfiledCodeHeapSize                     = 122914074                              {pd product} {ergonomic}
    uintx ReservedCodeCacheSize                    = 251658240                              {pd product} {ergonomic}
     bool SegmentedCodeCache                       = true                                      {product} {ergonomic}
     bool UseCompressedClassPointers               = true                                 {lp64_product} {ergonomic}
     bool UseCompressedOops                        = true                                 {lp64_product} {ergonomic}
     bool UseG1GC                                  = true                                      {product} {ergonomic}
     bool UseLargePagesIndividualAllocation        = false                                  {pd product} {ergonomic}

Logging:
Log output configuration:
 #0: stdout all=warning uptime,level,tags
 #1: stderr all=off uptime,level,tags

Environment Variables:
PATH=C:\Program Files (x86)\Python38-32\Scripts\;C:\Program Files (x86)\Python38-32\;C:\Program Files\AdoptOpenJDK\jdk-11.0.6.10-hotspot\bin;C:\Windows\system32;C:\Windows;C:\Windows\System32\Wbem;C:\Windows\System32\WindowsPowerShell\v1.0\;C:\Windows\System32\OpenSSH\;C:\Program Files\Git\cmd;C:\Users\Катя\AppData\Local\Microsoft\WindowsApps;;C:\Users\Катя\AppData\Local\Programs\Microsoft VS Code\bin
USERNAME=Катя
OS=Windows_NT
PROCESSOR_IDENTIFIER=Intel64 Family 6 Model 58 Stepping 9, GenuineIntel



---------------  S Y S T E M  ---------------

OS: Windows 10 , 64 bit Build 18362 (10.0.18362.329)

CPU:total 4 (initial active 4) (2 cores per cpu, 2 threads per core) family 6 model 58 stepping 9, cmov, cx8, fxsr, mmx, sse, sse2, sse3, ssse3, sse4.1, sse4.2, popcnt, avx, aes, clmul, erms, ht, tsc, tscinvbit, tscinv

Memory: 4k page, system-wide physical 7748M (1066M free)
TotalPageFile size 14903M (AvailPageFile size 3M)
current process WorkingSet (physical memory assigned to process): 230M, peak: 262M
current process commit charge ("private bytes"): 285M, peak: 315M

vm_info: OpenJDK 64-Bit Server VM (11.0.4+10-b304.77) for windows-amd64 JRE (11.0.4+10-b304.77), built on Oct 10 2019 15:02:36 by "" with MS VC++ 14.0 (VS2015)

END.
